<?xml version="1.0" encoding="UTF-8"?>
<testng-results ignored="0" total="1" passed="1" failed="0" skipped="0">
  <reporter-output>
  </reporter-output>
  <suite started-at="2023-09-30T16:33:58Z" name="Default suite" finished-at="2023-09-30T16:34:02Z" duration-ms="3871">
    <groups>
    </groups>
    <test started-at="2023-09-30T16:33:58Z" name="Default test" finished-at="2023-09-30T16:34:02Z" duration-ms="3871">
      <class name="pruebasesion1.NewTest">
        <test-method signature="f()[pri:0, instance:pruebasesion1.NewTest@17d88132]" started-at="2023-09-30T10:33:58Z" name="f" finished-at="2023-09-30T10:34:02Z" duration-ms="3827" status="PASS">
          <reporter-output>
          </reporter-output>
        </test-method> <!-- f -->
      </class> <!-- pruebasesion1.NewTest -->
    </test> <!-- Default test -->
  </suite> <!-- Default suite -->
</testng-results>
